48.433058121625116 3.9047647083506867 10980.0
38.42850085667202 -8.975285530090332 2898.785714285714
46.901498794555664 19.036499977111816 11887.0
41.031376361846924 -8.343250155448914 1741.875
47.887390468431555 -2.1429565160170845 8839.0
49.06380916777111 -2.2156666346958707 11586.952380952382
52.45633443196615 3.5293333530426025 10382.666666666666
56.60799980163574 36.89699935913086 4857.5
43.963600158691406 20.52699966430664 10668.0
48.56420135498047 3.925 10972.0
45.398375272750854 1.09237502515316 11587.5
41.11500024795532 22.043625831604004 8360.0
52.11766560872396 -1.32833327849706 5356.166666666667
50.11311170789931 1.5491111146079168 10524.444444444445
52.08616828918457 6.45466685295105 10363.0
44.4640007019043 17.509000396728517 10972.0
39.21799850463867 -9.173999786376953 2705.0
45.04581798206676 5.826545498587868 11576.181818181818
52.70224952697754 39.697750091552734 10185.5
47.908728166060015 8.598908684470437 3040.7272727272725
54.49250166756766 9.214714663369316 10660.0
54.792443169487846 11.215778138902452 11277.0
35.99700164794922 33.67900085449219 10363.0
38.95782223869772 -1.3728235048406265 10058.0
47.85540084838867 -2.1841999530792235 11285.0
55.04475021362305 9.35824990272522 12192.0
51.1921325984754 -3.667855310204782 3031.7368421052624
55.31119995117187 15.463999938964843 10668.0
54.485784258161274 9.296642984662737 11277.0
46.93058331807455 29.102582931518555 668.9166666666666
41.11759872436524 -1.866600012779236 8420.8
37.795880988092705 31.616168560368 11887.0
47.41699981689453 8.390999794006348 2209.0
52.48322211371528 38.887557135687935 10668.0
59.372923630934494 21.31738383953388 10972.0
51.17719955444336 0.15180000066757202 1450.6
56.107500076293945 30.75349998474121 10066.0
46.129738456324525 5.9510524398402165 1219.2105263157894
55.863616063044624 12.749307559086727 1206.6923076923076
47.280856541224885 7.689285550798688 2397.8571428571427
52.76349885123117 38.83593014308384 10666.285714285714
51.18342128552889 0.2048947340563724 1569.7894736842106
48.210636138916016 2.8990909403020684 8223.90909090909
52.52372776378285 -1.7776363546198064 8072.181818181818
44.60892704554966 6.206428732190814 10713.07142857143
40.72735786437988 -7.261928728648594 5791.0
47.60016663869222 7.521083513895671 130.0
51.435001373291016 0.04600000008940697 1935.0
48.87949905395508 40.41109924316406 10667.2
41.8932865687779 -3.491142886025565 10147.57142857143
