45.243317453484785 7.931315773411801 10977.052631578947
51.256534576416016 3.926133314768473 4997.866666666667
47.24525165557861 -1.0509166419506073 10363.0
52.22366714477539 4.798333168029785 1229.0
51.24357196262905 0.1164285737488951 3640.714285714286
55.55099868774414 12.508999824523926 1158.0
53.277000427246094 38.49300003051758 10668.0
60.311818556352094 24.80045405301181 1671.5454545454545
50.86719970703125 0.8720000267028809 5993.2
38.38244189171695 31.705650890251402 9002.665706051874
55.943091652610086 37.22845389626243 1410.1818181818182
52.01731571398283 -2.6286316294419136 9188.947368421053
52.686116835650274 -2.521882379756254 9916.941176470587
53.52766672770182 -5.980000019073486 10668.0
42.3111328125 28.68766606648763 11277.0
42.660867563883464 22.62546666463216 12195.266666666666
43.32419891357422 8.172599601745606 11262.0
37.768544630570844 -4.569090929898349 11277.0
51.401261580617806 0.02378947385831883 1947.0
52.50819854736328 -8.948000144958495 3424.2
51.922816883433946 3.5243635827844795 9716.636363636364
46.36159973144531 1.0198000192642211 11590.0
56.51942934308733 24.188143048967635 11277.0
55.608000321821734 6.158818114887584 11285.0
49.21099853515625 16.19099998474121 6374.0
51.177649879455565 0.02820000029169023 1109.05
43.786749839782715 39.568188190460205 6647.0
51.4114990234375 -0.00999999966006726 1702.5
55.571600341796874 11.967000007629395 3336.8
55.58974885940552 12.013249933719635 3288.5625
45.02998015098648 39.17839922223772 25.730382293762574
51.47600173950195 -0.6624666690826416 957.2666666666667
42.95463562011719 9.26763647252863 10980.0
53.42245518077504 -6.30345444245772 692.1818181818182
57.77170104980469 16.30320053100586 12189.6
57.53455522325304 11.007333437601725 11269.0
51.189571380615234 0.1162857147199767 1367.5714285714287
50.95522223578559 -0.1560000048743354 2162.4444444444443
45.32733383178711 13.131933275858561 11277.0
51.820499420166016 2.744999945163727 7315.0
46.1490847269694 39.967665354410805 10972.0
34.454429626464844 -10.34214278629848 11277.0
51.18936504017223 0.04972727291963317 3636.090909090909
46.213142667497905 6.072071586336408 488.6428571428571
53.59227267178622 -2.613454493609342 7627.0
55.93299865722656 5.060999870300293 11887.0
38.58000183105469 -9.055000305175781 2286.0
52.22941163006951 9.689706073087805 10972.0
51.215999603271484 0.26600000262260437 3817.0
54.92722193400065 32.12933222452799 10668.0
48.91327320445668 3.5639090971513228 10972.0
46.0375010172526 17.5939998626709 11290.833333333334
52.68942200510126 -0.1302105282482348 12192.0
48.83399963378906 -3.0169999599456787 11269.0
45.94474411010742 -5.378604578417401 11585.348837209302
55.706400299072264 12.793599700927734 844.2
38.78433329264323 26.579466501871746 10351.266666666666
49.0852663675944 3.7484666029612224 11589.466666666667
53.87099838256836 6.245999813079834 11894.0
52.39289951324463 13.59239993095398 454.7
51.12154979705811 0.35524999648332595 4112.85
46.27599906921387 8.922700119018554 11583.1
51.62533272637261 -0.042111110563079514 2350.6111111111113
51.18179931640625 0.05719999969005585 1051.0
53.40450096130371 -6.498999834060669 2872.0
37.84419937133789 -4.049599933624267 10278.8
47.5482722195712 -2.1409090648997915 10970.09090909091
57.891545382413 20.612727251919832 11582.0
38.777000427246094 -9.13280029296875 7232.0
52.3983736038208 13.61637532711029 1140.875
56.36750094095866 16.43316713968913 10379.333333333334
55.212823082419 10.96747039346134 7707.411764705882
56.77888827853732 23.271777470906574 5141.444444444444
51.30515406681941 3.0030769935021033 10300.23076923077
55.9739990234375 -4.195384465731108 1145.1538461538462
55.25135803222656 12.618214198521205 3283.9285714285716
49.77872640436346 15.097454677928578 10370.0
42.66511692720301 1.1986470292596256 10363.0
51.47569205544212 -0.4428874487742717 41.904761904761905
43.108665466308594 -4.072999954223633 10652.0
43.39883295694987 -3.009999950726827 2319.5
55.71006546020508 12.929333241780599 1385.2666666666667
49.543267313639326 2.115533383687337 11593.266666666666
41.469727602871984 1.702000000260093 5195.181818181818
46.05280075073242 -1.992799997329712 12192.0
41.5892493724823 -5.521874964237213 5181.0
55.08908982710405 12.44881785999645 4839.818181818182
46.81285558428083 6.1423572812761575 10970.5
59.16768789291382 18.15906250476837 2818.0
58.01600112915039 18.635400009155273 13106.0
54.40950050354004 37.995100021362305 10675.0
50.57699966430664 3.740999937057495 10066.0
49.63193359375 10.675733375549317 10972.0
50.49272606589577 -1.2559999769384211 6852.636363636364
48.250092246315695 0.4062727256254716 11582.0
48.021200307210286 5.391599973042806 8243.533333333333
39.20411088731554 -8.939000023735893 4731.444444444444
37.783272136341445 -4.726454518058083 11277.0
48.70060043334961 -1.905400013923645 10219.4
51.345462799072266 -0.06907692522956775 2430.6153846153848
52.51320037841797 7.1749999046325685 8337.6
50.25459976196289 19.031200408935547 10363.0
55.04500045776367 29.34699935913086 10050.0
54.02000064849854 -4.01879997253418 8398.45
51.47782426721909 -0.35182353678871603 347.2352941176471
48.97831320762634 3.8100625574588776 11277.0
53.53583335876465 -3.574000040690104 8839.0
33.80749988555908 35.40762519836426 998.625
57.746383080115685 20.344538615300106 11569.307692307691
37.34259456592602 31.01439639500209 5969.857142857143
39.69357081821987 24.261285509381974 10363.0
43.30588351978975 10.722764688379625 9448.0
49.78459930419922 2.264800024032593 9753.0
51.57409858703613 -0.6494999885559082 1931.6
53.59269186166617 38.65084545428936 10058.0
53.2552001953125 1.6801999807357788 10628.2
51.46500015258789 -0.08288235524121453 1361.7058823529412
52.823726654052734 3.8303636637600986 11888.90909090909
53.947500228881836 27.923500061035156 10046.5
52.31760101318359 10.945799827575684 11582.0
45.83116594950358 9.374833583831787 10959.5
47.19766828748915 7.742999924553765 6364.666666666667
40.686570848737446 -6.699857234954834 8526.0
41.403284890311106 2.391714334487915 1297.4285714285713
51.4732506275177 -0.07175000198185444 1405.125
55.774142674037385 12.59057126726423 1838.2857142857142
48.03100077311198 40.382999420166016 10668.0
47.848924490121696 -0.3605384666186113 11590.0
55.04446640014648 -3.591200002034505 9145.0
33.30814266204834 -7.5676427739007135 324.39285714285717
57.802666664123535 14.876250187555948 11578.666666666666
46.19831744107333 40.40809024464 10319.227272727272
52.85857173374721 11.033285958426339 10668.0
44.68463724309748 -0.9270909103480253 10979.272727272728
49.713331858317055 19.77288818359375 10668.0
53.46026763916016 -0.20986666778723398 11582.0
46.251200103759764 0.4012000024318695 10042.4
52.89649963378906 -5.197000026702881 4045.5
49.91100006103515 6.812400150299072 10972.0
54.60920028686523 8.715999984741211 11887.0
50.644704930922565 5.090411747203154 11582.0
51.17372755570845 0.27672726999629627 4622.181818181818
57.986999893188475 19.032700538635254 11285.0
41.446221669514976 -6.6897777451409235 11272.555555555555
58.39622285630968 20.250221676296658 7315.0
47.88118154352362 3.1740000031211157 8531.818181818182
55.42015310434195 13.772692533639761 10376.76923076923
51.36760025024414 -0.39440001249313356 2441.2
51.658817984841086 -0.47927271777933295 2743.0
47.29504630679176 -0.9940952289672125 11582.0
54.13642865135556 38.255142938523065 10538.238095238095
38.9957992553711 -9.15119972229004 3501.8
50.95570068359375 40.52189979553223 10058.0
51.247501373291016 -0.3199999928474426 2548.0
57.832726912064985 27.569635911421344 11887.0
39.28749942779541 -4.686000108718872 11582.0
51.17958876665901 0.04123529309735578 1154.0588235294117
53.62500047683716 0.39250000938773155 10668.0
46.17881948297674 6.020181872627952 1794.6363636363635
43.85413386027018 1.2718666474024454 9448.0
48.2817497253418 1.496749997138977 10370.0
55.987607873004414 37.37465219912322 113.0
51.705365267666906 -4.647181771018288 10973.454545454546
54.4005012512207 8.710000038146973 11277.0
52.17983373006185 5.251000086466472 8553.333333333334
52.32946491241455 4.7182857138769965 0.0
45.39799880981445 -3.013000011444092 11277.0
41.16219863891602 10.926999855041505 9968.2
39.73533248901367 -0.12899999568859735 11887.0
42.53066635131836 1.2623333136240642 10428.666666666666
45.40077760484483 -0.4846666753292084 10972.0
55.6734001159668 34.229000091552734 10550.4
50.22085680280413 20.099428721836635 10660.0
59.71240081787109 18.225000381469727 1976.4
45.654700088500974 10.711100101470947 10363.0
53.29466756184896 8.18066660563151 9283.0
42.97779998779297 0.9753999948501587 10370.0
55.604538257305435 34.693769014798676 8100.461538461538
53.16649913787842 -0.40424999594688416 11277.0
56.2778560093471 37.62342997959682 1595.5714285714287
51.821385016808144 -7.292846129490779 10265.923076923076
51.46500015258789 -0.0656190471989768 1276.1904761904761
51.65999984741211 -0.5149999856948853 3055.0
46.38950157165527 5.732000112533569 11871.0
45.64838497455303 19.142538657555214 10668.0
47.40363589200106 8.979363614862615 5798.272727272727
39.65811695772059 -4.552411780637853 10668.0
41.35300064086914 -0.4591538447600145 10858.384615384615
43.78669986724854 1.2988000214099884 10988.0
40.3194995880127 -3.803300070762634 3016.6
48.024891225303094 4.334731887026531 9753.0
48.51078578404018 4.739571639469692 11582.0
47.57080001831055 21.903000259399413 10668.0
51.84876896784856 6.294307745420015 10660.0
53.06187582015991 39.51787447929382 10363.0
56.36230879563551 33.32592245248648 10972.0
50.029666900634766 10.829666455586752 11582.0
49.197571073259624 8.291642665863037 7353.214285714285
51.78499984741211 1.7760000228881836 7315.0
51.487616318922775 -0.10276923042077285 5704.153846153846
45.590462317833534 12.139153627248911 6327.153846153846
41.844090548428625 12.650181857022373 5439.454545454545
48.316223568386505 16.647888607449 3474.222222222222
50.76178881996557 0.6239473756990934 3930.684210526316
48.582313537597656 10.381937682628632 12192.0
43.28728594098772 24.10985701424735 10972.0
55.602690770075874 12.620230821462778 121.84615384615384
52.62988832261827 13.614000267452663 1744.0
52.35357553818647 9.996506107554715 12193.564705882352
50.972292731789985 8.9941764719346 10363.0
51.11375141143799 0.36691667636235553 3990.0833333333335
40.48699951171875 -3.589719934463501 136.36
54.87865492013785 26.462845655588005 11277.0
35.794857025146484 25.35585675920759 2647.285714285714
58.10676838801457 20.992461131169247 7315.0
50.04987335205078 5.254625082015991 10347.0
48.22633361816406 -1.1706666549046834 12192.0
47.13493270874024 -1.0097999652226766 11582.533333333333
50.728999328613284 -1.1827999830245972 5420.6
56.25149917602539 36.024200439453125 4664.2
53.34999942779541 7.979749917984009 9235.25
47.23990020751953 3.837700057029724 11262.0
52.56260032653809 -1.8603999733924865 5791.0
52.1879997253418 -1.3993333180745442 11277.0
50.96115405742939 -0.9329230877069327 4207.7692307692305
40.87200164794922 0.1572999969124794 9448.0
56.47329330444336 13.353470802307129 10972.0
55.61200060163225 16.012999398367747 11590.0
43.235249042510986 19.19712543487549 10965.0
40.62450065612793 -2.6453999280929565 5231.8
52.89799880981445 -5.1579999923706055 4716.0
55.61671727948484 12.646141491105071 3433.407079646018
41.13877699110243 -3.182444387012058 10363.0
43.71881831776012 -2.839409015395425 6284.363636363636
50.64357049124582 1.1169286114828927 8062.785714285715
52.902249336242676 24.291500568389893 10675.0
37.99919891357422 -3.7360999822616576 10945.4
45.16680145263672 17.568200302124023 11575.6
54.209600830078124 14.967000007629395 11184.2
46.24976277804647 6.127342244064853 378.95817490494295
47.35907716017503 -0.332076934667734 12192.0
46.144917488098145 6.176416834195455 3040.0
48.992000579833984 12.223999977111816 11574.0
59.1169994578642 20.89441142362707 11855.235294117647
44.275187969207764 0.24306249897927046 10972.0
59.760623931884766 17.95750069618225 758.375
52.46231621190121 25.20800068503932 10668.0
42.09880828857422 36.797999790736604 10668.0
48.394647261675665 9.461999893188477 8117.764705882353
55.61018009674855 12.628256651071402 195.56410256410257
53.38140029907227 -6.00920000076294 4823.0
59.66496936858646 17.924047379266646 155.61904761904762
54.698735046386716 8.952466519673665 11738.466666666667
54.040092121471055 -6.270909005945379 3879.7272727272725
51.53466796875 0.0273333340883255 1884.3333333333333
49.94539177936056 -1.6955652029617974 9512.739130434782
40.39790933782404 -8.644818566062234 11130.454545454546
49.95000076293945 9.373000144958496 2133.0
39.741554260253906 -0.20427777452601326 2479.8333333333335
41.49540138244629 -5.202299880981445 10363.0
42.15025043487549 -4.017625033855438 11887.0
50.43535723005022 1.5061428887503487 8531.142857142857
55.2894287109375 11.136285509381976 7068.428571428572
50.211668226453995 9.236889097425673 7010.0
53.4311249256134 9.400000214576721 10357.5
47.68438515296349 3.296461582183838 10451.23076923077
55.76535191255457 36.2998244341682 3954.0
55.902000427246094 36.29800033569336 4945.0
47.00541238223805 -4.689823627471924 11582.0
44.77520065307617 -2.962599992752075 10355.0
54.89750123023987 26.551875472068787 10668.0
41.53064817540786 -3.093588254031013 10972.0
49.97442844935826 -1.3612857375826155 8409.0
55.35471452985491 12.74757180895124 2159.8571428571427
47.447635130448774 -3.257090937007557 10965.0
53.481285095214844 -3.711285727364676 10596.42857142857
51.04054433649237 0.28127272020686755 1966.7272727272727
43.567213330950054 21.82507119859968 8735.0
40.21100044250488 -2.135999917984009 10069.5
56.83399897036345 13.208782320437225 11573.0
56.28950055440267 37.063167572021484 3039.6666666666665
55.95500183105469 -3.354260942210322 85.30434782608695
55.62339481087618 12.663721195487089 80.5813953488372
53.38412427902222 -5.902500092983246 1311.25
34.83625157674154 32.55483468373617 9752.333333333334
57.39199998643663 11.591444651285807 11277.0
52.53127219460227 -2.208999980579723 8721.272727272728
52.85370063781738 14.58630018234253 7711.4
52.978800201416014 7.336000061035156 11475.0
42.399043373439625 1.9983477799788765 11292.0
53.33530650655655 -2.8510000705718994 2759.2496709082934
56.18585859026228 13.616285460335869 7903.285714285715
42.251799774169925 -3.466800022125244 11277.0
54.65999984741211 37.327999114990234 9250.0
40.63720016479492 -3.6806000232696534 2568.8
51.17823145939754 0.1187692301777693 1268.6923076923076
51.81350135803223 5.03849995136261 11277.0
59.18466652764214 32.58166715833876 11887.0
54.69155502319336 28.701443566216362 10972.0
52.40663736516779 13.652000167153098 676.8181818181819
45.52153924795297 39.23992391733023 11277.0
33.31188823558666 -7.567962805430095 405.8888888888889
47.220000712076825 7.547733370463053 2743.133333333333
46.220229452917124 6.082235728885392 1171.180537772087
41.967176773968866 12.074293978074017 2968.8823529411766
48.125 10.842000007629395 11582.0
50.632881837732654 36.620881024528956 736.8235294117646
43.590667724609375 0.7586666742960612 10668.0
52.32500076293945 13.29800033569336 1744.0
47.52399930087003 -4.063000072132457 11582.0
51.97999954223633 0.11650000140070915 2735.25
40.3854533108798 -2.4983636032451284 11885.545454545454
56.824317129034746 9.26210523906507 11575.263157894737
52.14659957885742 6.7874000549316404 7799.4
52.41188854641385 -7.886555618709988 6589.555555555556
47.39354991912842 16.307149505615236 5203.8
52.391998291015625 13.05875015258789 11582.0
38.002459892859825 -3.4950769497798038 11105.538461538461
47.81649971008301 5.880500078201294 11498.0
47.285125732421875 0.6380000188946724 10363.0
59.241999539462 15.664363861083984 7138.272727272727
55.49670432595646 13.05664696412928 1499.0588235294117
42.9024282182966 23.317285810198104 3305.285714285714
47.123549461364746 28.182850456237794 6833.7
50.91005863862879 4.572940994711483 356.52941176470586
50.1128896077474 -1.473222189479404 8923.444444444445
38.24690055847168 -7.559700012207031 11567.0
41.576833724975586 11.671833038330078 4693.666666666667
57.02255418565538 14.51677820417616 10860.0
51.55857140677316 14.429285594395228 6711.857142857143
53.226600646972656 -0.44090000092983245 8798.8
49.837124824523926 2.7254998981952667 7021.375
47.88864353724888 40.37878663199289 10353.285714285714
51.1781120300293 0.2684444354640113 3464.1111111111113
40.74640045166016 0.2276000052690506 8822.0
45.742000579833984 16.079427204775005 25.786516853932586
51.41993689537048 -2.081249937415123 5425.75
56.02321352277483 15.994142872946602 11285.0
52.51014273507254 38.87571498325893 10668.0
56.674412222469556 25.7288241666906 8300.882352941177
50.783599853515625 0.5854000091552735 3761.2
55.74450087547302 13.069312512874603 1670.875
50.85249948501587 -0.17806250229477882 3530.3125
51.694529365090766 -0.7168823690975413 3048.0
47.13799921671549 8.065333684285482 11579.333333333334
43.338198852539065 0.847700011730194 10988.0
50.56674861907959 14.362250328063965 11277.0
59.79180068969727 22.468999481201173 8305.6
56.229895742315996 4.855736807772987 12184.0
51.14439868927002 0.3341999962925911 1942.05
51.835333506266274 0.1319999968012174 4088.6666666666665
43.46839981079101 12.748599815368653 9565.8
55.78671981811524 12.79019962310791 985.84
46.260360107421874 6.141400012969971 550.84
54.77199935913086 9.998000144958496 10805.0
49.70866584777832 3.487333377202352 10972.0
59.5912233988444 31.041778140597874 10668.0
47.471668070012875 8.506870133536202 6733.11038961039
47.40592902047293 -2.2858570984431674 10972.0
53.14282338759478 -2.154882360907162 10972.0
44.563332875569664 -3.93833335240682 11279.666666666666
52.27084497305063 2.473384692118718 11597.923076923076
45.810001373291016 16.349000930786133 10668.0
37.19719950358073 24.96493263244629 11277.0
38.67499923706055 -9.194000244140625 1828.0
56.21999994913737 37.83733240763346 3545.3333333333335
39.03462505340576 -8.762499690055847 1913.25
50.98633321126302 -0.24399999777475992 3601.0
51.577090523459695 -0.09209090877663005 1829.090909090909
53.419665018717446 -4.640666484832764 7124.333333333333
48.74781036376953 2.5166665599459694 786.952380952381
59.10227238048207 20.0993635004217 7315.0
51.375999450683594 -0.05885714452181544 2147.5714285714284
51.69057083129883 0.7672857216426304 4404.857142857143
44.00299911499023 6.802800178527832 7022.4
47.89999860875747 2.407352924346924 11292.0
55.605499505996704 35.286625385284424 5637.875
42.92341581980387 -2.9108333388964334 11582.0
43.12855572170682 6.449222246805827 10972.0
51.66166559855143 2.5883333683013916 9865.0
51.17466608683268 0.006999999944431086 908.6666666666666
45.67420120239258 19.394399642944336 11571.2
55.1479995727539 30.79620018005371 9448.0
49.63759918212891 -4.756199932098388 11277.0
49.96261869158064 12.358523959205264 11577.809523809523
51.525 13.917000007629394 7989.8
32.24582402846392 34.13917586382698 6031.058823529412
50.25066630045573 40.54066721598307 10972.0
43.06054479425604 6.416999860243364 9144.0
34.48025131225586 -6.241749882698059 11182.375
45.685286385672434 -0.2954285613128117 10363.0
37.50354628129439 -4.142545309933749 10668.0
46.34900004069011 -0.4358000040054321 11582.0
35.49266560872396 -5.957000096638997 10972.0
60.06080093383789 21.93693339029948 11246.0
52.0968017578125 37.124200439453126 10058.0
44.572286878313335 -4.209142821175711 11277.0
46.18577091510479 -4.566923251518836 10675.0
52.2511811689897 8.650363488630815 8534.0
44.025857652936665 -3.151857171739851 10355.0
51.17975044250488 0.04193750047124922 968.375
51.25163546475497 -0.023000000383366238 2787.909090909091
39.39020004272461 -0.7202000021934509 11277.0
51.89540138244629 23.93649959564209 10675.0
53.42019882202148 -6.257600021362305 320.0
48.173500061035156 18.274999618530273 3207.5
45.88839679874786 -4.850027521995649 11277.0
46.22233327229818 18.90399996439616 11582.0
37.709999084472656 31.26300048828125 8907.0
56.04341058170094 37.68694148344152 1002.3529411764706
40.29199981689453 -2.924999952316284 10972.0
52.30650011698405 -1.6503333648045857 6421.0
34.58699915959285 -7.7761538578913765 8760.0
41.15472620183771 1.9402727105400779 1990.0
53.82652798820944 6.495470495784984 11887.0
42.632999420166016 23.468000411987305 2377.0
55.77289924621582 11.138900089263917 12192.0
44.42845465920188 8.744909113103693 11582.0
43.17650032043457 38.12116686503092 10668.0
52.21245366876776 3.029545545578003 11181.272727272728
56.469893405311986 37.33379022698654 2438.0
44.007198333740234 -3.985599994659424 11277.0
38.975352118997016 32.21905741972082 10668.0
45.76981804587624 -0.4097272807901556 10972.0
55.52081645618785 32.577634984796696 10980.0
35.82627244429155 28.49754524230957 11582.0
50.189798736572264 1.6833999872207641 9684.8
43.09215310903696 -2.10115385055542 8534.0
51.97099939982096 -0.024999999751647312 5516.333333333333
49.763750076293945 -1.632333368062973 10034.75
48.375999450683594 -1.3459999561309814 11574.0
46.22575988769531 -2.918199920654297 7620.0
41.46800104777018 -8.848333040873209 10972.0
55.37964675005745 -0.18176470609272227 10972.0
48.960714612688335 40.41585758754185 10363.0
56.66912388801575 29.37237548828125 9753.0
33.95872643210671 34.35116459239613 9933.454545454544
55.69349956512451 34.08699989318848 11690.75
42.646920928955076 4.599039936065674 11277.0
52.20899963378906 10.645000457763672 10363.0
57.94799995422363 15.98199987411499 6400.0
48.05031625848068 17.397210773668792 1130.0
47.5629997253418 -1.737500011920929 11582.0
50.5359992980957 11.329000473022461 7414.0
51.02838457547701 0.04807692336348387 2207.230769230769
59.03459930419922 22.850200653076172 9276.4
49.097923278808594 -2.3233077892890344 10363.0
45.159000396728516 39.651498794555664 10972.0
51.70800018310547 1.9869999885559082 8001.0
49.66687973022461 -1.6859999656677247 10678.84
44.96899922688802 0.3606666624546051 11582.0
51.62874984741211 3.9259999990463257 4548.75
44.23800086975098 0.09400000050663948 10972.0
37.78135626656668 -4.19678579057966 6096.0
44.73914173671177 39.52628544398716 10378.0
44.0005989074707 24.042399978637697 11887.0
48.967847677377556 11.411999702453613 11582.0
51.251429421561106 18.80007212502616 11277.0
33.86537432670593 -6.723500072956085 5791.0
49.97059936523438 41.01260147094727 10972.0
52.17144828007139 20.94589614868164 292.3448275862069
48.55400085449219 2.01200008392334 3352.0
42.32241237864775 12.001235064338236 5515.235294117647
50.89582443237305 0.7561176629627452 6461.35294117647
55.73333231608073 12.413000106811523 2443.3333333333335
42.31360092163086 -2.508400011062622 10972.0
44.918353136848 12.742764641256894 10063.64705882353
49.50874996185303 5.88824987411499 10972.0
53.17754537409002 11.190909212285822 11282.818181818182
46.27482571809188 6.163119642630868 702.7608695652174
51.76595687866211 1.3753749976555507 6083.541666666667
55.94681791825728 37.249816547740586 1358.2727272727273
40.104221767849396 0.33588889903492397 10427.333333333334
38.7653473465531 -9.133999824523926 15.0
44.09620005289714 1.7053333282470704 11277.0
41.20475101470947 -3.1429999470710754 11582.0
50.01933352152506 40.51549975077311 10972.0
47.80222362942166 16.184444639417862 9753.0
47.644544219970705 7.490885816301618 360.45714285714286
54.724334716796875 -5.648333231608073 1960.0
49.34825038909912 17.607250690460205 10668.0
40.964909293434836 0.70827270637859 8296.272727272728
53.68454499678178 28.281909249045633 9448.0
52.182229849008415 20.87930811368502 895.6153846153846
51.32500130789621 0.04757142918450492 2743.0
52.09808381398519 4.40624996026357 2133.0
52.00381920554421 0.9041818380355835 6920.545454545455
51.72671563284738 1.286999991961888 6702.714285714285
54.10500144958496 11.476000308990479 10664.0
46.10815608501434 -3.772593680769205 12192.0
55.40659942626953 12.523600006103516 3222.8
48.62046168400691 -1.98676925439101 10363.0
49.20915904798006 18.950368178518193 10064.315789473685
51.46457665653552 -0.44225422911724804 214.94915254237287
42.972999572753906 9.508999824523926 10972.0
53.42177024254432 -6.281923184028039 427.6923076923077
48.46699959891183 9.037285804748535 11594.0
51.75585719517299 -0.083857142499515 3317.4285714285716
40.973001098632814 -0.4823999881744385 6977.6
51.64799880981445 -0.13031999826431273 2748.04
